# JRE version: OpenJDK Runtime Environment Temurin-21.0.11+10 (21.0.11+10) (build 21.0.11+10-LTS)
# Java VM: OpenJDK 64-Bit Server VM Temurin-21.0.11+10 (21.0.11+10-LTS, mixed mode, sharing, tiered, compressed oops, compressed class ptrs, parallel gc, windows-amd64)
GC Precious Log:
 CardTable entry size: 512
 CPUs: 8 total, 8 available
 Memory: 16147M
 Large Page Support: Disabled
 NUMA Support: Disabled
 Compressed Oops: Enabled (32-bit)
 Alignments: Space 512K, Generation 512K, Heap 2M
 Heap Min Capacity: 100M
 Heap Initial Capacity: 100M
 Heap Max Capacity: 2G
 Pre-touch: Disabled
 Parallel Workers: 8
Heap:
 PSYoungGen      total 20480K, used 1610K [0x00000000d5580000, 0x00000000d6d80000, 0x0000000100000000)
  eden space 18432K, 0% used [0x00000000d5580000,0x00000000d5580000,0x00000000d6780000)
  from space 2048K, 78% used [0x00000000d6b80000,0x00000000d6d12ac8,0x00000000d6d80000)
  to   space 2560K, 0% used [0x00000000d6880000,0x00000000d6880000,0x00000000d6b00000)
 ParOldGen       total 68608K, used 50067K [0x0000000080000000, 0x0000000084300000, 0x00000000d5580000)
  object space 68608K, 72% used [0x0000000080000000,0x00000000830e4db8,0x0000000084300000)
 Metaspace       used 58484K, committed 59776K, reserved 1114112K
  class space    used 6259K, committed 6848K, reserved 1048576K
GC Heap History (20 events):
Event: 23.701 GC heap after
{Heap after GC invocations=23 (full 2):
 PSYoungGen      total 25600K, used 3428K [0x00000000d5580000, 0x00000000d7300000, 0x0000000100000000)
  eden space 22016K, 0% used [0x00000000d5580000,0x00000000d5580000,0x00000000d6b00000)
  from space 3584K, 95% used [0x00000000d6b80000,0x00000000d6ed9000,0x00000000d6f00000)
  to   space 4096K, 0% used [0x00000000d6f00000,0x00000000d6f00000,0x00000000d7300000)
 ParOldGen       total 68608K, used 31196K [0x0000000080000000, 0x0000000084300000, 0x00000000d5580000)
  object space 68608K, 45% used [0x0000000080000000,0x0000000081e77128,0x0000000084300000)
 Metaspace       used 47562K, committed 48832K, reserved 1114112K
  class space    used 5198K, committed 5760K, reserved 1048576K
}
Event: 24.261 GC heap before
{Heap before GC invocations=24 (full 2):
 PSYoungGen      total 25600K, used 25444K [0x00000000d5580000, 0x00000000d7300000, 0x0000000100000000)
  eden space 22016K, 100% used [0x00000000d5580000,0x00000000d6b00000,0x00000000d6b00000)
  from space 3584K, 95% used [0x00000000d6b80000,0x00000000d6ed9000,0x00000000d6f00000)
  to   space 4096K, 0% used [0x00000000d6f00000,0x00000000d6f00000,0x00000000d7300000)
 ParOldGen       total 68608K, used 31196K [0x0000000080000000, 0x0000000084300000, 0x00000000d5580000)
  object space 68608K, 45% used [0x0000000080000000,0x0000000081e77128,0x0000000084300000)
 Metaspace       used 47765K, committed 48960K, reserved 1114112K
  class space    used 5218K, committed 5760K, reserved 1048576K
}
Event: 24.273 GC heap after
{Heap after GC invocations=24 (full 2):
 PSYoungGen      total 26112K, used 3712K [0x00000000d5580000, 0x00000000d7300000, 0x0000000100000000)
  eden space 22016K, 0% used [0x00000000d5580000,0x00000000d5580000,0x00000000d6b00000)
  from space 4096K, 90% used [0x00000000d6f00000,0x00000000d72a0010,0x00000000d7300000)
  to   space 4096K, 0% used [0x00000000d6b00000,0x00000000d6b00000,0x00000000d6f00000)
 ParOldGen       total 68608K, used 34534K [0x0000000080000000, 0x0000000084300000, 0x00000000d5580000)
  object space 68608K, 50% used [0x0000000080000000,0x00000000821b9840,0x0000000084300000)
 Metaspace       used 47765K, committed 48960K, reserved 1114112K
  class space    used 5218K, committed 5760K, reserved 1048576K
}
Event: 25.685 GC heap before
{Heap before GC invocations=25 (full 2):
 PSYoungGen      total 26112K, used 25728K [0x00000000d5580000, 0x00000000d7300000, 0x0000000100000000)
  eden space 22016K, 100% used [0x00000000d5580000,0x00000000d6b00000,0x00000000d6b00000)
  from space 4096K, 90% used [0x00000000d6f00000,0x00000000d72a0010,0x00000000d7300000)
  to   space 4096K, 0% used [0x00000000d6b00000,0x00000000d6b00000,0x00000000d6f00000)
 ParOldGen       total 68608K, used 34534K [0x0000000080000000, 0x0000000084300000, 0x00000000d5580000)
  object space 68608K, 50% used [0x0000000080000000,0x00000000821b9840,0x0000000084300000)
 Metaspace       used 50454K, committed 51712K, reserved 1114112K
  class space    used 5469K, committed 6016K, reserved 1048576K
}
Event: 25.697 GC heap after
{Heap after GC invocations=25 (full 2):
 PSYoungGen      total 25600K, used 3191K [0x00000000d5580000, 0x00000000d7200000, 0x0000000100000000)
  eden space 22016K, 0% used [0x00000000d5580000,0x00000000d5580000,0x00000000d6b00000)
  from space 3584K, 89% used [0x00000000d6b00000,0x00000000d6e1de40,0x00000000d6e80000)
  to   space 3584K, 0% used [0x00000000d6e80000,0x00000000d6e80000,0x00000000d7200000)
 ParOldGen       total 68608K, used 38126K [0x0000000080000000, 0x0000000084300000, 0x00000000d5580000)
  object space 68608K, 55% used [0x0000000080000000,0x000000008253bb40,0x0000000084300000)
 Metaspace       used 50454K, committed 51712K, reserved 1114112K
  class space    used 5469K, committed 6016K, reserved 1048576K
}
Event: 26.790 GC heap before
{Heap before GC invocations=26 (full 2):
 PSYoungGen      total 25600K, used 25202K [0x00000000d5580000, 0x00000000d7200000, 0x0000000100000000)
  eden space 22016K, 99% used [0x00000000d5580000,0x00000000d6afe9f0,0x00000000d6b00000)
  from space 3584K, 89% used [0x00000000d6b00000,0x00000000d6e1de40,0x00000000d6e80000)
  to   space 3584K, 0% used [0x00000000d6e80000,0x00000000d6e80000,0x00000000d7200000)
 ParOldGen       total 68608K, used 38126K [0x0000000080000000, 0x0000000084300000, 0x00000000d5580000)
  object space 68608K, 55% used [0x0000000080000000,0x000000008253bb40,0x0000000084300000)
 Metaspace       used 51440K, committed 52608K, reserved 1114112K
  class space    used 5587K, committed 6080K, reserved 1048576K
}
Event: 26.799 GC heap after
{Heap after GC invocations=26 (full 2):
 PSYoungGen      total 22528K, used 384K [0x00000000d5580000, 0x00000000d6f00000, 0x0000000100000000)
  eden space 22016K, 0% used [0x00000000d5580000,0x00000000d5580000,0x00000000d6b00000)
  from space 512K, 75% used [0x00000000d6e80000,0x00000000d6ee0000,0x00000000d6f00000)
  to   space 1536K, 0% used [0x00000000d6c00000,0x00000000d6c00000,0x00000000d6d80000)
 ParOldGen       total 68608K, used 41170K [0x0000000080000000, 0x0000000084300000, 0x00000000d5580000)
  object space 68608K, 60% used [0x0000000080000000,0x0000000082834bc0,0x0000000084300000)
 Metaspace       used 51440K, committed 52608K, reserved 1114112K
  class space    used 5587K, committed 6080K, reserved 1048576K
}
Event: 27.336 GC heap before
{Heap before GC invocations=27 (full 2):
 PSYoungGen      total 22528K, used 22400K [0x00000000d5580000, 0x00000000d6f00000, 0x0000000100000000)
  eden space 22016K, 100% used [0x00000000d5580000,0x00000000d6b00000,0x00000000d6b00000)
  from space 512K, 75% used [0x00000000d6e80000,0x00000000d6ee0000,0x00000000d6f00000)
  to   space 1536K, 0% used [0x00000000d6c00000,0x00000000d6c00000,0x00000000d6d80000)
 ParOldGen       total 68608K, used 41170K [0x0000000080000000, 0x0000000084300000, 0x00000000d5580000)
  object space 68608K, 60% used [0x0000000080000000,0x0000000082834bc0,0x0000000084300000)
 Metaspace       used 52265K, committed 53504K, reserved 1114112K
  class space    used 5663K, committed 6208K, reserved 1048576K
}
Event: 27.340 GC heap after
{Heap after GC invocations=27 (full 2):
 PSYoungGen      total 23552K, used 1481K [0x00000000d5580000, 0x00000000d6f00000, 0x0000000100000000)
  eden space 22016K, 0% used [0x00000000d5580000,0x00000000d5580000,0x00000000d6b00000)
  from space 1536K, 96% used [0x00000000d6c00000,0x00000000d6d72730,0x00000000d6d80000)
  to   space 1536K, 0% used [0x00000000d6d80000,0x00000000d6d80000,0x00000000d6f00000)
 ParOldGen       total 68608K, used 41617K [0x0000000080000000, 0x0000000084300000, 0x00000000d5580000)
  object space 68608K, 60% used [0x0000000080000000,0x00000000828a46e8,0x0000000084300000)
 Metaspace       used 52265K, committed 53504K, reserved 1114112K
  class space    used 5663K, committed 6208K, reserved 1048576K
}
Event: 27.619 GC heap before
{Heap before GC invocations=28 (full 2):
 PSYoungGen      total 23552K, used 23497K [0x00000000d5580000, 0x00000000d6f00000, 0x0000000100000000)
  eden space 22016K, 100% used [0x00000000d5580000,0x00000000d6b00000,0x00000000d6b00000)
  from space 1536K, 96% used [0x00000000d6c00000,0x00000000d6d72730,0x00000000d6d80000)
  to   space 1536K, 0% used [0x00000000d6d80000,0x00000000d6d80000,0x00000000d6f00000)
 ParOldGen       total 68608K, used 41617K [0x0000000080000000, 0x0000000084300000, 0x00000000d5580000)
  object space 68608K, 60% used [0x0000000080000000,0x00000000828a46e8,0x0000000084300000)
 Metaspace       used 52889K, committed 54080K, reserved 1114112K
  class space    used 5715K, committed 6208K, reserved 1048576K
}
Event: 27.621 GC heap after
{Heap after GC invocations=28 (full 2):
 PSYoungGen      total 22528K, used 160K [0x00000000d5580000, 0x00000000d6e00000, 0x0000000100000000)
  eden space 22016K, 0% used [0x00000000d5580000,0x00000000d5580000,0x00000000d6b00000)
  from space 512K, 31% used [0x00000000d6d80000,0x00000000d6da8000,0x00000000d6e00000)
  to   space 1024K, 0% used [0x00000000d6c00000,0x00000000d6c00000,0x00000000d6d00000)
 ParOldGen       total 68608K, used 41801K [0x0000000080000000, 0x0000000084300000, 0x00000000d5580000)
  object space 68608K, 60% used [0x0000000080000000,0x00000000828d26e8,0x0000000084300000)
 Metaspace       used 52889K, committed 54080K, reserved 1114112K
  class space    used 5715K, committed 6208K, reserved 1048576K
}
Event: 29.623 GC heap before
{Heap before GC invocations=29 (full 2):
 PSYoungGen      total 22528K, used 22176K [0x00000000d5580000, 0x00000000d6e00000, 0x0000000100000000)
  eden space 22016K, 100% used [0x00000000d5580000,0x00000000d6b00000,0x00000000d6b00000)
  from space 512K, 31% used [0x00000000d6d80000,0x00000000d6da8000,0x00000000d6e00000)
  to   space 1024K, 0% used [0x00000000d6c00000,0x00000000d6c00000,0x00000000d6d00000)
 ParOldGen       total 68608K, used 41801K [0x0000000080000000, 0x0000000084300000, 0x00000000d5580000)
  object space 68608K, 60% used [0x0000000080000000,0x00000000828d26e8,0x0000000084300000)
 Metaspace       used 55307K, committed 56576K, reserved 1114112K
  class space    used 5981K, committed 6528K, reserved 1048576K
}
Event: 29.631 GC heap after
{Heap after GC invocations=29 (full 2):
 PSYoungGen      total 23040K, used 780K [0x00000000d5580000, 0x00000000d6e00000, 0x0000000100000000)
  eden space 22016K, 0% used [0x00000000d5580000,0x00000000d5580000,0x00000000d6b00000)
  from space 1024K, 76% used [0x00000000d6c00000,0x00000000d6cc3028,0x00000000d6d00000)
  to   space 1024K, 0% used [0x00000000d6d00000,0x00000000d6d00000,0x00000000d6e00000)
 ParOldGen       total 68608K, used 41841K [0x0000000080000000, 0x0000000084300000, 0x00000000d5580000)
  object space 68608K, 60% used [0x0000000080000000,0x00000000828dc6e8,0x0000000084300000)
 Metaspace       used 55307K, committed 56576K, reserved 1114112K
  class space    used 5981K, committed 6528K, reserved 1048576K
}
Event: 30.853 GC heap before
{Heap before GC invocations=30 (full 2):
 PSYoungGen      total 23040K, used 22796K [0x00000000d5580000, 0x00000000d6e00000, 0x0000000100000000)
  eden space 22016K, 100% used [0x00000000d5580000,0x00000000d6b00000,0x00000000d6b00000)
  from space 1024K, 76% used [0x00000000d6c00000,0x00000000d6cc3028,0x00000000d6d00000)
  to   space 1024K, 0% used [0x00000000d6d00000,0x00000000d6d00000,0x00000000d6e00000)
 ParOldGen       total 68608K, used 41841K [0x0000000080000000, 0x0000000084300000, 0x00000000d5580000)
  object space 68608K, 60% used [0x0000000080000000,0x00000000828dc6e8,0x0000000084300000)
 Metaspace       used 57069K, committed 58368K, reserved 1114112K
  class space    used 6155K, committed 6784K, reserved 1048576K
}
Event: 30.863 GC heap after
{Heap after GC invocations=30 (full 2):
 PSYoungGen      total 19456K, used 1005K [0x00000000d5580000, 0x00000000d7600000, 0x0000000100000000)
  eden space 18432K, 0% used [0x00000000d5580000,0x00000000d5580000,0x00000000d6780000)
  from space 1024K, 98% used [0x00000000d6d00000,0x00000000d6dfb650,0x00000000d6e00000)
  to   space 5632K, 0% used [0x00000000d6780000,0x00000000d6780000,0x00000000d6d00000)
 ParOldGen       total 68608K, used 45418K [0x0000000080000000, 0x0000000084300000, 0x00000000d5580000)
  object space 68608K, 66% used [0x0000000080000000,0x0000000082c5a810,0x0000000084300000)
 Metaspace       used 57069K, committed 58368K, reserved 1114112K
  class space    used 6155K, committed 6784K, reserved 1048576K
}
Event: 31.774 GC heap before
{Heap before GC invocations=31 (full 2):
 PSYoungGen      total 19456K, used 19435K [0x00000000d5580000, 0x00000000d7600000, 0x0000000100000000)
  eden space 18432K, 99% used [0x00000000d5580000,0x00000000d677f898,0x00000000d6780000)
  from space 1024K, 98% used [0x00000000d6d00000,0x00000000d6dfb650,0x00000000d6e00000)
  to   space 5632K, 0% used [0x00000000d6780000,0x00000000d6780000,0x00000000d6d00000)
 ParOldGen       total 68608K, used 45418K [0x0000000080000000, 0x0000000084300000, 0x00000000d5580000)
  object space 68608K, 66% used [0x0000000080000000,0x0000000082c5a810,0x0000000084300000)
 Metaspace       used 57830K, committed 59136K, reserved 1114112K
  class space    used 6213K, committed 6784K, reserved 1048576K
}
Event: 31.784 GC heap after
{Heap after GC invocations=31 (full 2):
 PSYoungGen      total 22528K, used 3804K [0x00000000d5580000, 0x00000000d6f80000, 0x0000000100000000)
  eden space 18432K, 0% used [0x00000000d5580000,0x00000000d5580000,0x00000000d6780000)
  from space 4096K, 92% used [0x00000000d6780000,0x00000000d6b37240,0x00000000d6b80000)
  to   space 4096K, 0% used [0x00000000d6b80000,0x00000000d6b80000,0x00000000d6f80000)
 ParOldGen       total 68608K, used 46405K [0x0000000080000000, 0x0000000084300000, 0x00000000d5580000)
  object space 68608K, 67% used [0x0000000080000000,0x0000000082d51458,0x0000000084300000)
 Metaspace       used 57830K, committed 59136K, reserved 1114112K
  class space    used 6213K, committed 6784K, reserved 1048576K
}
Event: 32.480 GC heap before
{Heap before GC invocations=32 (full 2):
 PSYoungGen      total 22528K, used 15396K [0x00000000d5580000, 0x00000000d6f80000, 0x0000000100000000)
  eden space 18432K, 62% used [0x00000000d5580000,0x00000000d60d20a0,0x00000000d6780000)
  from space 4096K, 92% used [0x00000000d6780000,0x00000000d6b37240,0x00000000d6b80000)
  to   space 4096K, 0% used [0x00000000d6b80000,0x00000000d6b80000,0x00000000d6f80000)
 ParOldGen       total 68608K, used 46405K [0x0000000080000000, 0x0000000084300000, 0x00000000d5580000)
  object space 68608K, 67% used [0x0000000080000000,0x0000000082d51458,0x0000000084300000)
 Metaspace       used 58484K, committed 59776K, reserved 1114112K
  class space    used 6259K, committed 6848K, reserved 1048576K
}
Event: 32.492 GC heap after
{Heap after GC invocations=32 (full 2):
 PSYoungGen      total 20480K, used 1610K [0x00000000d5580000, 0x00000000d6d80000, 0x0000000100000000)
  eden space 18432K, 0% used [0x00000000d5580000,0x00000000d5580000,0x00000000d6780000)
  from space 2048K, 78% used [0x00000000d6b80000,0x00000000d6d12ac8,0x00000000d6d80000)
  to   space 2560K, 0% used [0x00000000d6880000,0x00000000d6880000,0x00000000d6b00000)
 ParOldGen       total 68608K, used 50067K [0x0000000080000000, 0x0000000084300000, 0x00000000d5580000)
  object space 68608K, 72% used [0x0000000080000000,0x00000000830e4db8,0x0000000084300000)
 Metaspace       used 58484K, committed 59776K, reserved 1114112K
  class space    used 6259K, committed 6848K, reserved 1048576K
}
Event: 32.493 GC heap before
{Heap before GC invocations=33 (full 3):
 PSYoungGen      total 20480K, used 1610K [0x00000000d5580000, 0x00000000d6d80000, 0x0000000100000000)
  eden space 18432K, 0% used [0x00000000d5580000,0x00000000d5580000,0x00000000d6780000)
  from space 2048K, 78% used [0x00000000d6b80000,0x00000000d6d12ac8,0x00000000d6d80000)
  to   space 2560K, 0% used [0x00000000d6880000,0x00000000d6880000,0x00000000d6b00000)
 ParOldGen       total 68608K, used 50067K [0x0000000080000000, 0x0000000084300000, 0x00000000d5580000)
  object space 68608K, 72% used [0x0000000080000000,0x00000000830e4db8,0x0000000084300000)
 Metaspace       used 58484K, committed 59776K, reserved 1114112K
  class space    used 6259K, committed 6848K, reserved 1048576K
}

